[2026-02-09 04:42:41] [API] [INFO]: API test message
[2026-02-09 04:42:41] [MAC] [INFO]: MAC endpoint called
[2026-02-09 04:42:41] [API] [ERROR]: MAC is required
[2026-02-09 04:42:41] [JSON] [INFO]: passing the JSON response
[2026-02-09 05:14:08] [API] [INFO]: API test message
[2026-02-09 05:18:08] [API] [INFO]: API test message
[2026-02-09 05:18:08] [NETWORK] [INFO]: Getting subnet ip ...
[2026-02-09 05:18:08] [NETWORK] [FAILURE]: Subnet detection failed!
[2026-02-09 05:18:08] [API] [ERROR]: Could not determine network
[2026-02-09 05:18:08] [JSON] [INFO]: passing the JSON response
[2026-02-09 05:24:07] [API] [INFO]: API test message
[2026-02-09 05:24:15] [NETWORK] [FAILURE]: Ip command failed or returned nothing. Trying fallback
[2026-02-09 05:24:16] [NETWORK] [INFO]: Executing: nmap -sn -n -PR'172.18.0.4/24'
[2026-02-09 05:24:21] [NETWORK] [INFO]: Subnet Scan finished
[2026-02-09 05:24:21] [API] [ERROR]: Target is required
[2026-02-09 05:24:21] [JSON] [INFO]: passing the JSON response
[2026-02-09 05:44:00] [API] [INFO]: API test message
[2026-02-09 05:44:00] [NETWORK] [FAILURE]: Ip command failed or returned nothing. Trying fallback
[2026-02-09 05:44:00] [NETWORK] [INFO]: Executing: nmap -sn -n -PR'172.18.0.4/24'
[2026-02-09 05:44:00] [NETWORK] [INFO]: Subnet Scan finished
[2026-02-09 05:44:00] [SCAN] [INFO]: Starting port scan on: 127.0.0.1
[2026-02-09 05:44:00] [STREAM] [INFO]: Headers sent, stream starting
[2026-02-09 05:44:01] [SCAN] [WARNING]: Port 80 is OPEN (http)
[2026-02-09 05:44:01] [SCAN] [INFO]: Scan complete
[2026-02-09 05:48:05] [API] [INFO]: API test message
[2026-02-09 05:48:05] [NETWORK] [FAILURE]: Ip command failed or returned nothing. Trying fallback
[2026-02-09 05:48:05] [NETWORK] [INFO]: Executing: nmap -sn -n -PR '172.18.0.4/24'
[2026-02-09 05:48:08] [STREAM] [INFO]: Headers sent, stream starting
[2026-02-09 05:48:08] [NETWORK] [INFO]: Device online: 172.18.0.1
[2026-02-09 05:48:08] [NETWORK] [INFO]: Device online: 172.18.0.2
[2026-02-09 05:48:08] [NETWORK] [INFO]: Device online: 172.18.0.3
[2026-02-09 05:48:08] [NETWORK] [INFO]: Device online: 172.18.0.4
[2026-02-09 05:48:08] [NETWORK] [INFO]: Subnet Scan finished
[2026-02-09 05:48:08] [SCAN] [INFO]: Starting port scan on: 127.0.0.1
[2026-02-09 05:48:08] [SCAN] [WARNING]: Port 80 is OPEN (http)
[2026-02-09 05:48:08] [SCAN] [INFO]: Scan complete
[2026-02-09 05:58:58] [API] [INFO]: API test message
[2026-02-09 05:58:58] [NETWORK] [FAILURE]: Ip command failed or returned nothing. Trying fallback
[2026-02-09 05:58:58] [NETWORK] [INFO]: Executing: nmap -sn -n -PR '172.18.0.4/24'
[2026-02-09 05:59:01] [STREAM] [INFO]: Headers sent, stream starting
[2026-02-09 05:59:01] [NETWORK] [INFO]: Device online: 172.18.0.1
[2026-02-09 05:59:01] [NETWORK] [INFO]: Device online: 172.18.0.2
[2026-02-09 05:59:01] [NETWORK] [INFO]: Device online: 172.18.0.3
[2026-02-09 05:59:01] [NETWORK] [INFO]: Device online: 172.18.0.4
[2026-02-09 05:59:01] [NETWORK] [INFO]: Subnet Scan finished
[2026-02-09 05:59:01] [API] [ERROR]: Target is required
[2026-02-09 05:59:01] [JSON] [INFO]: passing the JSON response
[2026-02-09 05:59:04] [API] [INFO]: API test message
[2026-02-09 05:59:05] [DEVICE] [ERROR]: IP required
[2026-02-09 06:01:51] [API] [INFO]: API test message
[2026-02-09 06:01:51] [CVE] [ERROR]: CVE value is NULL!!!
[2026-02-09 06:04:29] [API] [INFO]: API test message
[2026-02-09 06:04:29] [AUDIT] [ERROR]: No Ip provided!
[2026-02-09 06:04:29] [API] [ERROR]: Ip required
[2026-02-09 06:04:29] [JSON] [INFO]: passing the JSON response
[2026-02-09 06:04:42] [API] [INFO]: API test message
[2026-02-09 06:04:42] [API] [ERROR]: No action provided
[2026-02-09 06:04:42] [JSON] [INFO]: passing the JSON response
[2026-02-09 06:11:44] [API] [INFO]: API test message
[2026-02-09 06:11:44] [VENDOR] [ERROR]: Vendor required
[2026-02-09 06:11:44] [API] [ERROR]: Vendor required
[2026-02-09 06:11:44] [JSON] [INFO]: passing the JSON response
[2026-02-09 06:22:36] [API] [INFO]: API test message
[2026-02-09 06:22:37] [API] [ERROR]: Crash detected: Failed opening required '/var/www/html/../backend/writeron.php' (include_path='.:/usr/local/lib/php')
[2026-02-09 06:23:22] [API] [INFO]: API test message
[2026-02-09 06:23:35] [API] [INFO]: API test message
[2026-02-09 06:23:35] [API] [ERROR]: Crash detected: Call to private Writer::__construct() from scope Router
[2026-02-09 11:23:29] [API] [INFO]: API test message
[2026-02-09 11:23:29] [API] [ERROR]: Crash detected: Call to private Writer::__construct() from scope Router
[2026-02-09 12:08:37] [API] [INFO]: API test message
[2026-02-09 12:08:37] [API] [ERROR]: Crash detected: Call to private Writer::__construct() from scope Router
[2026-02-09 12:12:03] [API] [INFO]: API test message
[2026-02-09 12:12:03] [DB] [ERROR]: DataBase connection failed!
[2026-02-09 12:12:03] [EXPORT] [INFO]: Stating JSON export
[2026-02-09 12:12:03] [EXPORT] [DEBUG]: Collecting network data
[2026-02-09 12:12:04] [NETWORK] [FAILURE]: Ip command failed or returned nothing. Trying fallback
[2026-02-09 12:12:04] [EXPORT] [DEBUG]: Collecting devices from Mariadb
[2026-02-09 12:12:04] [EXPORT] [WARNING]: Failed to fetch devices: Call to a member function query() on null
[2026-02-09 12:12:04] [EXPORT] [DEBUG]: Collecting scan profiles from DB
[2026-02-09 12:12:04] [EXPORT] [WARNING]: Failed to fetch profiles: Call to a member function query() on null
[2026-02-09 12:13:13] [API] [INFO]: API test message
[2026-02-09 12:13:13] [API] [ERROR]: Crash detected: Call to a member function error() on null
[2026-02-09 12:15:41] [API] [INFO]: API test message
[2026-02-09 12:15:41] [PING] [ERROR]: no IP provided
[2026-02-09 12:15:41] [API] [ERROR]: Ip required
[2026-02-09 12:15:41] [JSON] [INFO]: passing the JSON response
[2026-02-09 12:17:05] [API] [INFO]: API test message
[2026-02-09 12:17:05] [API] [ERROR]: Could not receive any response from 127.0.0.1
[2026-02-09 12:17:05] [JSON] [INFO]: passing the JSON response

[2026-02-09 12:50:23] [JSON] [INFO]: passing the JSON response
[2026-02-09 12:50:58] [JSON] [INFO]: passing the JSON response
[2026-02-09 12:51:46] [PING] [ERROR]: no IP provided, trying to detect subnet
[2026-02-09 12:51:46] [NETWORK] [FAILURE]: Ip command failed or returned nothing. Trying fallback
[2026-02-09 12:51:46] [PING] [INFO]: Auto-selected gateway: 172.18.0.1
[2026-02-09 12:51:46] [PING] [INFO]: Test
[2026-02-09 12:51:46] [JSON] [INFO]: passing the JSON response
[2026-02-09 12:53:05] [DB] [ERROR]: DataBase connection failed!
[2026-02-09 12:53:05] [API] [ERROR]: Crash detected: Call to a member function query() on null
[2026-02-09 12:53:29] [VENDOR] [ERROR]: Vendor required
[2026-02-09 12:53:29] [API] [ERROR]: Vendor required
[2026-02-09 12:53:29] [JSON] [INFO]: passing the JSON response
[2026-02-09 12:54:03] [API] [ERROR]: Vendor required
[2026-02-09 12:54:03] [JSON] [INFO]: passing the JSON response
[2026-02-09 12:55:59] [API] [ERROR]: Vendor required
[2026-02-09 12:55:59] [JSON] [INFO]: passing the JSON response
[2026-02-09 13:04:16] [API] [ERROR]: Vendor required
[2026-02-09 13:04:16] [JSON] [INFO]: passing the JSON response
[2026-02-09 13:05:51] [API] [ERROR]: Vendor required
[2026-02-09 13:05:51] [JSON] [INFO]: passing the JSON response
[2026-02-09 13:06:33] [API] [ERROR]: Vendor required
[2026-02-09 13:06:33] [JSON] [INFO]: passing the JSON response
[2026-02-09 13:06:38] [API] [ERROR]: Vendor required
[2026-02-09 13:06:38] [JSON] [INFO]: passing the JSON response
[2026-02-09 13:06:55] [API] [ERROR]: Vendor required
[2026-02-09 13:06:55] [JSON] [INFO]: passing the JSON response
[2026-02-09 13:07:43] [REDIS] [INFO]: We successfully caught the redis PONG
[2026-02-09 13:09:06] [REDIS] [INFO]: We successfully caught the redis PONG
[2026-02-09 13:09:11] [REDIS] [INFO]: We successfully caught the redis PONG
[2026-02-09 13:09:11] [JSON] [INFO]: passing the JSON response
[2026-02-09 13:10:33] [REDIS] [INFO]: We successfully caught the redis PONG
[2026-02-09 13:10:33] [JSON] [INFO]: passing the JSON response
[2026-02-09 13:12:04] [REDIS] [INFO]: We successfully caught the redis PONG
[2026-02-09 13:12:04] [JSON] [INFO]: passing the JSON response
[2026-02-09 13:15:38] [REDIS] [INFO]: We successfully caught the redis PONG
[2026-02-09 13:15:38] [JSON] [INFO]: passing the JSON response
[2026-02-09 13:15:51] [REDIS] [INFO]: We successfully caught the redis PONG
[2026-02-09 13:15:51] [JSON] [INFO]: passing the JSON response
[2026-02-09 13:18:04] [REDIS] [INFO]: We successfully caught the redis PONG
[2026-02-09 13:18:04] [JSON] [INFO]: passing the JSON response
[2026-02-09 13:23:31] [REDIS] [INFO]: We successfully caught the redis PONG
[2026-02-09 13:23:31] [JSON] [INFO]: passing the JSON response
[2026-02-09 13:23:40] [REDIS] [INFO]: We successfully caught the redis PONG
[2026-02-09 13:23:40] [JSON] [INFO]: passing the JSON response
[2026-02-09 13:24:08] [REDIS] [INFO]: We successfully caught the redis PONG
[2026-02-09 13:24:08] [JSON] [INFO]: passing the JSON response
[2026-02-09 13:25:58] [REDIS] [INFO]: We successfully caught the redis PONG
[2026-02-09 13:25:58] [JSON] [INFO]: passing the JSON response
[2026-02-09 13:27:49] [REDIS] [INFO]: We successfully caught the redis PONG
[2026-02-09 13:27:49] [JSON] [INFO]: passing the JSON response
[2026-02-09 13:45:51] [REDIS] [INFO]: We successfully caught the redis PONG
[2026-02-09 13:45:51] [JSON] [INFO]: passing the JSON response
[2026-02-09 13:45:58] [REDIS] [INFO]: We successfully caught the redis PONG
[2026-02-09 13:45:58] [JSON] [INFO]: passing the JSON response
[2026-02-09 13:46:15] [REDIS] [INFO]: We successfully caught the redis PONG
[2026-02-09 13:46:15] [JSON] [INFO]: passing the JSON response
[2026-02-09 13:46:26] [REDIS] [INFO]: We successfully caught the redis PONG
[2026-02-09 13:46:26] [JSON] [INFO]: passing the JSON response
[2026-02-09 13:47:53] [REDIS] [INFO]: We successfully caught the redis PONG
[2026-02-09 13:47:53] [JSON] [INFO]: passing the JSON response[2026-02-09 15:29:38] [REDIS] [INFO]: We successfully caught the redis PONG
[2026-02-09 15:29:38] [JSON] [INFO]: passing the JSON response
[2026-02-09 15:43:04] [REDIS] [INFO]: We successfully caught the redis PONG
[2026-02-09 15:43:04] [JSON] [INFO]: passing the JSON response
[2026-02-09 16:17:10] [REDIS] [INFO]: We successfully caught the redis PONG
[2026-02-09 16:17:10] [JSON] [INFO]: passing the JSON response
