[2026-02-13 11:51:08] [REDIS] [INFO]: We successfully caught the redis PONG
[2026-02-13 11:51:09] [VENDOR] [INFO]: PREFIX = 286FB9
[2026-02-13 11:51:09] [VENDOR] [INFO]: KEY = mac:286FB9
[2026-02-13 11:51:09] [VENDOR] [INFO]: HGET = "Nokia Shanghai Bell Co., Ltd."
[2026-02-13 11:51:09] [JSON] [INFO]: passing the JSON response
[2026-02-13 12:33:38] [REDIS] [INFO]: We successfully caught the redis PONG
[2026-02-13 12:33:38] [REDIS] [INFO]: We successfully caught the redis PONG
[2026-02-13 12:33:38] [VENDOR] [INFO]: PREFIX = 286FB9
[2026-02-13 12:33:38] [VENDOR] [INFO]: KEY = mac:286FB9
[2026-02-13 12:33:38] [VENDOR] [INFO]: HGET = "Nokia Shanghai Bell Co., Ltd."
[2026-02-13 12:33:38] [VENDOR] [INFO]: PREFIX = 286FB9
[2026-02-13 12:33:38] [JSON] [INFO]: passing the JSON response
[2026-02-13 12:33:38] [VENDOR] [INFO]: KEY = mac:286FB9
[2026-02-13 12:33:38] [VENDOR] [INFO]: HGET = "Nokia Shanghai Bell Co., Ltd."
[2026-02-13 12:33:38] [JSON] [INFO]: passing the JSON response
[2026-02-13 15:08:31] [API] [ERROR]: Vendor required
[2026-02-13 15:08:31] [JSON] [INFO]: passing the JSON response
[2026-02-13 15:08:33] [PING] [ERROR]: no IP provided, trying to detect subnet
[2026-02-13 15:08:33] [NETWORK] [FAILURE]: Ip command failed or returned nothing. Trying fallback
[2026-02-13 15:08:33] [PING] [INFO]: Auto-selected gateway: 172.18.0.1
[2026-02-13 15:08:33] [PING] [INFO]: BONK!
[2026-02-13 15:08:33] [JSON] [INFO]: passing the JSON response
[2026-02-13 15:08:39] [PING] [ERROR]: no IP provided, trying to detect subnet
[2026-02-13 15:08:39] [NETWORK] [FAILURE]: Ip command failed or returned nothing. Trying fallback
[2026-02-13 15:08:39] [PING] [INFO]: Auto-selected gateway: 172.18.0.1
[2026-02-13 15:08:39] [PING] [INFO]: BONK!
[2026-02-13 15:08:39] [JSON] [INFO]: passing the JSON response
[2026-02-13 15:10:23] [PING] [INFO]: BONK!
[2026-02-13 15:10:23] [JSON] [INFO]: passing the JSON response
[2026-02-13 15:10:27] [PING] [ERROR]: no IP provided, trying to detect subnet
[2026-02-13 15:10:27] [NETWORK] [FAILURE]: Ip command failed or returned nothing. Trying fallback
[2026-02-13 15:10:27] [PING] [INFO]: Auto-selected gateway: 172.18.0.1
[2026-02-13 15:10:27] [PING] [INFO]: BONK!
[2026-02-13 15:10:27] [JSON] [INFO]: passing the JSON response
