[2026-02-08 14:12:17] [API] [INFO]: API test message
[2026-02-08 14:12:17] [API] [ERROR]: API error: No action provided
[2026-02-08 14:12:17] [JSON] [INFO]: passing the JSON response
[2026-02-08 14:21:13] [API] [INFO]: API test message
[2026-02-08 14:21:13] [API] [ERROR]: API error: No action provided
[2026-02-08 14:21:13] [JSON] [INFO]: passing the JSON response
[2026-02-08 17:48:52] [API] [INFO]: API test message
[2026-02-08 17:48:52] [API] [ERROR]: No action provided
[2026-02-08 17:48:52] [JSON] [INFO]: passing the JSON response
[2026-02-08 17:50:02] [API] [INFO]: API test message
[2026-02-08 17:50:02] [SCAN] [INFO]: Test message from scan.php
[2026-02-08 17:50:02] [API] [ERROR]: Target is required
[2026-02-08 17:50:02] [JSON] [INFO]: passing the JSON response
[2026-02-08 17:50:26] [API] [INFO]: API test message
[2026-02-08 17:50:26] [API] [ERROR]: Crash detected: Call to a member function error() on null
[2026-02-08 17:53:07] [API] [INFO]: API test message
[2026-02-08 17:53:07] [SCAN] [INFO]: Test message from scan.php
[2026-02-08 17:53:07] [API] [ERROR]: Target is required
[2026-02-08 17:53:07] [JSON] [INFO]: passing the JSON response
[2026-02-08 17:55:18] [API] [INFO]: API test message
[2026-02-08 17:55:18] [API] [ERROR]: Crash detected: Failed opening required '/var/www/html/api/endpoints/../backend/macVen.php' (include_path='.:/usr/local/lib/php')
[2026-02-08 17:55:37] [API] [INFO]: API test message
[2026-02-08 17:55:38] [API] [ERROR]: Crash detected: Call to a member function info() on null
[2026-02-08 17:56:23] [API] [INFO]: API test message
[2026-02-08 17:56:23] [MAC] [INFO]: MAC endpoint called
[2026-02-08 17:56:23] [API] [ERROR]: MAC is required
[2026-02-08 17:56:23] [JSON] [INFO]: passing the JSON response
