[2026-02-10 06:17:46] [API] [ERROR]: No action provided
[2026-02-10 06:17:46] [JSON] [INFO]: passing the JSON response
[2026-02-10 10:28:21] [NETWORK] [FAILURE]: Ip command failed or returned nothing. Trying fallback
[2026-02-10 10:28:21] [NETWORK] [INFO]: Executing: nmap -sn -n -PR '172.18.0.4/24'
[2026-02-10 10:28:24] [STREAM] [INFO]: Headers sent, stream starting
[2026-02-10 10:28:24] [NETWORK] [INFO]: Device online: 172.18.0.1
[2026-02-10 10:28:24] [NETWORK] [INFO]: Device online: 172.18.0.2
[2026-02-10 10:28:24] [NETWORK] [INFO]: Device online: 172.18.0.3
[2026-02-10 10:28:24] [NETWORK] [INFO]: Device online: 172.18.0.4
[2026-02-10 10:28:24] [NETWORK] [INFO]: Subnet Scan finished
[2026-02-10 10:28:24] [API] [ERROR]: Target is required
[2026-02-10 10:28:24] [JSON] [INFO]: passing the JSON response
[2026-02-10 10:28:50] [NETWORK] [FAILURE]: Ip command failed or returned nothing. Trying fallback
[2026-02-10 10:28:50] [NETWORK] [INFO]: Executing: nmap -sn -n -PR '172.18.0.4/24'
[2026-02-10 10:28:52] [STREAM] [INFO]: Headers sent, stream starting
[2026-02-10 10:28:52] [NETWORK] [INFO]: Device online: 172.18.0.1
[2026-02-10 10:28:52] [NETWORK] [INFO]: Device online: 172.18.0.2
[2026-02-10 10:28:52] [NETWORK] [INFO]: Device online: 172.18.0.3
[2026-02-10 10:28:52] [NETWORK] [INFO]: Device online: 172.18.0.4
[2026-02-10 10:28:52] [NETWORK] [INFO]: Subnet Scan finished
[2026-02-10 10:28:52] [SCAN] [INFO]: Starting port scan on: 127.0.0.1
[2026-02-10 10:28:52] [SCAN] [WARNING]: Port 80 is OPEN (http)
[2026-02-10 10:28:52] [SCAN] [INFO]: Scan complete
[2026-02-10 10:30:17] [PING] [INFO]: Test
[2026-02-10 10:30:17] [JSON] [INFO]: passing the JSON response
[2026-02-10 10:31:31] [PING] [INFO]: BONK!
[2026-02-10 10:31:31] [JSON] [INFO]: passing the JSON response
[2026-02-10 13:27:06] [PING] [INFO]: BONK!
[2026-02-10 13:27:06] [JSON] [INFO]: passing the JSON response
[2026-02-10 15:29:18] [FRONTEND] [DEFAULT]: Message Missing!
[2026-02-10 15:29:18] [JSON] [INFO]: passing the JSON response
[2026-02-10 15:33:11] [PING] [INFO]: BONK!
[2026-02-10 15:33:11] [JSON] [INFO]: passing the JSON response
[2026-02-10 15:49:03] [PING] [INFO]: BONK!
[2026-02-10 15:49:03] [JSON] [INFO]: passing the JSON response
[2026-02-10 15:49:29] [PING] [INFO]: BONK!
[2026-02-10 15:49:29] [JSON] [INFO]: passing the JSON response
[2026-02-10 15:49:30] [PING] [INFO]: BONK!
[2026-02-10 15:49:30] [JSON] [INFO]: passing the JSON response
[2026-02-10 15:49:31] [PING] [INFO]: BONK!
[2026-02-10 15:49:31] [JSON] [INFO]: passing the JSON response
[2026-02-10 15:49:31] [PING] [INFO]: BONK!
[2026-02-10 15:49:31] [JSON] [INFO]: passing the JSON response
[2026-02-10 15:49:32] [PING] [INFO]: BONK!
[2026-02-10 15:49:32] [JSON] [INFO]: passing the JSON response
[2026-02-10 15:49:32] [PING] [INFO]: BONK!
[2026-02-10 15:49:32] [JSON] [INFO]: passing the JSON response
[2026-02-10 15:49:32] [PING] [INFO]: BONK!
[2026-02-10 15:49:32] [JSON] [INFO]: passing the JSON response
[2026-02-10 15:49:32] [PING] [INFO]: BONK!
[2026-02-10 15:49:32] [JSON] [INFO]: passing the JSON response
[2026-02-10 15:49:33] [PING] [INFO]: BONK!
[2026-02-10 15:49:33] [JSON] [INFO]: passing the JSON response
[2026-02-10 15:49:33] [PING] [INFO]: BONK!
[2026-02-10 15:49:33] [JSON] [INFO]: passing the JSON response
[2026-02-10 15:49:33] [PING] [INFO]: BONK!
[2026-02-10 15:49:33] [JSON] [INFO]: passing the JSON response
[2026-02-10 15:49:33] [PING] [INFO]: BONK!
[2026-02-10 15:49:33] [JSON] [INFO]: passing the JSON response
[2026-02-10 15:49:33] [PING] [INFO]: BONK!
[2026-02-10 15:49:33] [JSON] [INFO]: passing the JSON response
[2026-02-10 15:49:33] [PING] [INFO]: BONK!
[2026-02-10 15:49:33] [JSON] [INFO]: passing the JSON response
[2026-02-10 15:49:34] [PING] [INFO]: BONK!
[2026-02-10 15:49:34] [JSON] [INFO]: passing the JSON response
[2026-02-10 15:49:34] [PING] [INFO]: BONK!
[2026-02-10 15:49:34] [JSON] [INFO]: passing the JSON response
[2026-02-10 15:49:34] [PING] [INFO]: BONK!
[2026-02-10 15:49:34] [JSON] [INFO]: passing the JSON response
[2026-02-10 15:49:34] [PING] [INFO]: BONK!
[2026-02-10 15:49:34] [JSON] [INFO]: passing the JSON response
[2026-02-10 15:49:34] [PING] [INFO]: BONK!
[2026-02-10 15:49:34] [JSON] [INFO]: passing the JSON response
[2026-02-10 15:49:34] [PING] [INFO]: BONK!
[2026-02-10 15:49:34] [JSON] [INFO]: passing the JSON response
[2026-02-10 15:49:34] [PING] [INFO]: BONK!
[2026-02-10 15:49:34] [JSON] [INFO]: passing the JSON response
[2026-02-10 15:49:34] [PING] [INFO]: BONK!
[2026-02-10 15:49:34] [JSON] [INFO]: passing the JSON response
[2026-02-10 15:49:34] [PING] [INFO]: BONK!
[2026-02-10 15:49:34] [JSON] [INFO]: passing the JSON response
[2026-02-10 15:49:34] [PING] [INFO]: BONK!
[2026-02-10 15:49:34] [JSON] [INFO]: passing the JSON response
[2026-02-10 15:49:35] [PING] [INFO]: BONK!
[2026-02-10 15:49:35] [JSON] [INFO]: passing the JSON response
[2026-02-10 15:50:15] [PING] [INFO]: BONK!
[2026-02-10 15:50:15] [JSON] [INFO]: passing the JSON response
